2024-06-24T05:06:01.102Z [info]: Application has started
2024-06-24T05:06:23.670Z [info]: Fetching all jobs
2024-06-24T05:06:54.593Z [info]: Fetching job with ID: 5
2024-06-24T05:06:54.593Z [info]: Job found: {"jobid":"5","title":"Data Scientist","company":"Data Analytics Co.","location":"Toronto, ON","description":"We are looking for a data-driven Data Scientist to analyze and interpret data...","applyLink":"https://example.com/apply"}
2024-06-24T05:07:13.916Z [info]: Fetching job with ID: 10
2024-06-24T05:07:13.916Z [info]: Job found: {"jobid":"10","title":"Software Engineer","company":"123 Tech Inc.","location":"Brampton, ON","description":"We are hiring a skilled Software Engineer to develop innovative software...","applyLink":"https://example.com/apply"}
2024-06-24T05:09:33.718Z [info]: Fetching all jobs
2024-06-24T05:10:37.800Z [info]: Job updated: {"jobid":"1","title":"Front-end Developer","company":"ABC Company","location":"Updated location from Toronto, ON to Markham, ON","description":"We are seeking a talented Front-end Developer to join our team...","applyLink":"https://example.com/apply"}
2024-06-24T05:12:14.810Z [info]: Fetching job with ID: 25
2024-06-24T05:12:14.811Z [error]: Job ID 25 not found
2024-06-24T15:39:05.091Z [info]: Application has started
2024-06-24T15:39:32.751Z [info]: Fetching all jobs
2024-06-24T15:40:35.471Z [info]: Job created: {"jobid":"131","title":"POSTED Front-end Developer","company":"POSTED ABC Company","location":"POSTED Montreal, QC","description":"POSTED We are seeking a talented Front-end Developer to join our team...","applyLink":"POSTED https://example.com/apply"}
2024-06-24T15:41:44.588Z [info]: Fetching all jobs
2024-06-24T15:42:11.342Z [error]: Job ID 131 not found
2024-06-24T15:42:17.313Z [info]: Job deleted: 131
2024-06-24T15:43:46.489Z [info]: Application has started
2024-06-24T15:43:52.713Z [info]: Application has started
2024-06-24T15:45:50.772Z [info]: Application has started
2024-06-24T15:46:06.237Z [info]: Fetching all jobs
2024-06-24T15:46:27.022Z [info]: Fetching job with ID: 13
2024-06-24T15:46:27.023Z [info]: Job found: {"jobid":"13","title":"Front-end Developer","company":"ABC Company","location":"Montreal, QC","description":"We are seeking a talented Front-end Developer to join our team...","applyLink":"https://example.com/apply"}
2024-06-24T15:47:32.266Z [info]: Job created: {"jobid":"131","title":" POSTED Front-end Developer","company":"POSTED ABC Company","location":"POSTED Montreal, QC","description":"POSTED We are seeking a talented Front-end Developer to join our team...","applyLink":"POSTED https://example.com/apply"}
2024-06-24T15:48:04.690Z [info]: Job deleted: 131
